Base path: /Applications/Unity2017_2/Unity_2017_2.app/Contents
Cmd: initializeCompiler
Cmd: compileComputeKernel
  api=14 insize=2057 outsize=789 ok=1
Cmd: compileComputeKernel
  api=15 insize=3325 outsize=82505 ok=1
Cmd: compileComputeKernel
  api=15 insize=7328 outsize=18109 ok=1
Cmd: translateComputeKernel
  api=14 insize=10537 outsize=18409 ok=1
Cmd: compileComputeKernel
  api=15 insize=5004 outsize=7413 ok=1
Cmd: translateComputeKernel
  api=14 insize=5397 outsize=7577 ok=1
Cmd: compileComputeKernel
  api=14 insize=9164 outsize=9517 ok=1
Cmd: translateComputeKernel
  api=14 insize=9621 outsize=16413 ok=1
Cmd: compileComputeKernel
  api=14 insize=1804 outsize=1745 ok=1
Cmd: compileComputeKernel
  api=14 insize=1452 outsize=1821 ok=1
Cmd: translateComputeKernel
  api=14 insize=1193 outsize=1313 ok=1

Quitting shader compiler process
